0x2bbb340661f7b3e2408bfb455457fd27e5c6b531b1e8808bd2fbe4abb11e631c: 2486.0
 - fuel sent: 0x8f4cc161f0577ba1701ddf76d308c282246a71d0dc80bfca31be8dd84bc373dd
 - waiting on tx.... [success]
tokens sent to [m/44'/60'/0'/0/120]: 0x34f13f46139752714271f6239af8029bb0ad779f19f6eb87f826a0c40345b11a
 - waiting on tx...... [success]
 - fuel returned: 0x198b437e12d1d6431d581860e3733da6485929cb052f3812b52640f9c247dbdc
 - sleeping [61 seconds]
0x9f44ec4a89032244d8b244a8c5fca4cfb3c49b4bbbe8cf04854213f85c583bf8: 76365.99999999999
 - fuel sent: 0xb2a6fe97dc267a3aef76508627789cc843af612f9da47a697efa804afa9276ee
 - waiting on tx.... [success]
tokens sent to [m/44'/60'/0'/0/121]: 0xe55b0221443b4538bef64dc12b4596783c0200be190c92534a511c4b147ccbc6
 - waiting on tx......... [success]
 - fuel returned: 0xcb7c4b5db6ff43756a578f6028b2813e8fa904eaf0064fb1df475dfd7e614646
 - sleeping [101 seconds]
0xa281eccf95b154fdc739b98886cda091c7b2966fc3dbfeb0238ea002a5b94cdf: 62873.00000000001
 - fuel sent: 0xbb006c046c3188c738a44d8fed3795396c37e8e42f6d424acd9ab23585dd7810
 - waiting on tx........................ [success]
tokens sent to [m/44'/60'/0'/0/122]: 0xe519fd32566c4e9fc1b09251598b601e884a3339a9121e84b9e9857069f24865
 - waiting on tx.... [success]
 - fuel returned: 0x6032e39e0d658a2d817134bddf1a1e37a21233d4795b86684dc2a26485c3f159
 - sleeping [0 seconds]
0xd0069a16412c766a3beeb9aff07a771b44640178858d65366b09be4bcf9fdc3f: 1580.0
 - fuel sent: 0x883251ad42a8fc30f4b34e88858a15e355cb7cf72dabb735d5b5cfdb66c6c9c4
 - waiting on tx.... [success]
tokens sent to [m/44'/60'/0'/0/123]: 0x040cdc418bebab192b1b7c52c9c020868731917b06c8a41069c37b8914f32508
 - waiting on tx.... [success]
 - fuel returned: 0x0bb0f0400ad854e485c20b8c86b7309a7a272cc3fd32e0d5d4da9ba30422d212
 - sleeping [88 seconds]
0x08eca345350bd6c67a2e05bf607535098153d304875b36061223d7e50eb7f400: 32348.0
 - fuel sent: 0x57aee1414344847cafe6a016630a25f8d29c92e9d355020dcba1534ce8f1ae17
 - waiting on tx..... [success]
tokens sent to [m/44'/60'/0'/0/124]: 0xfede54a0e16f4ac06fd99e964393a84c69648c1a5a54f7886d3d0ba39a9ef642
 - waiting on tx..... [success]
 - fuel returned: 0xab5a45a66634adfb4e81de347712e967ce501e036110fe29e3e73525b2f557fd
 - sleeping [37 seconds]
0x9c32fbc37bd41ce812f41ebe9b7ed99c6de413949d97735c9fda66bbf451fd1e: 55989.0
 - fuel sent: 0xe3eed88104b9f9a9bd31a0734335fc752f4c124ac96bb4982849fe4ca5cfccca
 - waiting on tx..... [success]
tokens sent to [m/44'/60'/0'/0/125]: 0x7ea720d59f9f3a882a373f438288eb6ff61b52accb0404e7cb6819576c33f08d
 - waiting on tx.... [success]
 - fuel returned: 0xa63fbfe7db8a7a8d8ff24618d62547c7cbf726586b19393cf139a028df3aa7ca
 - sleeping [1 seconds]
0xe31fe0a0f6c767df2d46928bb89d1f9d44a300641a1a62a12c4cffe761d01031: 23931.0
 - fuel sent: 0xdf3c3563729f512fcd9ed3976240642ac0e798be793a367f04f92951bd2e3319
 - waiting on tx... [success]
tokens sent to [m/44'/60'/0'/0/126]: 0x73ca51dc1d293ae03b5d98a99847f1c26e82465f0be24f05f82a0e16e929f706
 - waiting on tx............ [failed]
0xdadba5d9981c5ac8fb9f98307cb46cdc80071b79b41a67428e82520a843e03a8: 17959.0
 - fuel sent: 0xd5ec53decc702f926c8205fe73371d89435aa0ec358769e0ea8a151e41c2d3bf
 - waiting on tx.... [success]
tokens sent to [m/44'/60'/0'/0/127]: 0xbf2779a23aebeb37da0ea52cf53d0ee6c9e63e663caaa8fed036fc54f5f5f7f7
 - waiting on tx...... [success]
 - fuel returned: 0x47413821b8373c3767ced33e9c0bae55702528fb8ac9e7ccc5160e9035c6acea
 - sleeping [10 seconds]
0xa1658f44cb38020cff038aac9a5b9df1cd6c3798753df7e26791995f0581ea01: 28409.0
 - fuel sent: 0x1503385bc4e46280ab93fe1ab7c3cca72b6378d6d8b8cc58fda9cdc5eb8fc1a2
 - waiting on tx...... [success]
tokens sent to [m/44'/60'/0'/0/128]: 0x4968aa70acaed99da703722b4805b3abff75c0c3e50bcb4ff90d134eee56310e
 - waiting on tx............ [failed]
0x64a209d1872c5984edc51aea18d2f6453002528d9f58bf4f40a717c7c856c781: 14976.0
 - fuel sent: 0x30f86f8f64b206841c159614834b5110d6adaac96d26e2dd1468832932274a2b
 - waiting on tx... [success]
tokens sent to [m/44'/60'/0'/0/129]: 0x4ce6bbf1b219b68ccdbc4ea5b5268fff75a99d7e4e6f3bc8734e4e3a48bbc1d5
 - waiting on tx.... [success]
 - fuel returned: 0x0ecb47dcfe0bfe07b8acb5cadbce29baf5de393a5565ae871e43e17acc6c5757
 - sleeping [44 seconds]
0x4330fab6ed6f5c6abde9ac298561a7766a1f80b81482950ea281a34d53729f54: 31250.0
 - fuel sent: 0x137d52f59dc0ec8399f26210bb3112f61a1955fe03eff094588d7577187b3ae6
 - waiting on tx.... [success]
tokens sent to [m/44'/60'/0'/0/130]: 0xd352655a19c8bcf0d972f671d048c96b8a9facc30b9178b0ecf0a7936535f13a
 - waiting on tx............ [failed]
0x6cab1adaa0fc550140bf98ba346a78f0bb2e39f98b4c78e9248c40e1164d0d03: 41887.0
 - fuel sent: 0x7d33fe7309a10fff9fd9ad9cd02252de1da0f8899677381a56e4822baa5866bf
 - waiting on tx.... [success]
tokens sent to [m/44'/60'/0'/0/131]: 0x41c9e599d4446c34781dc2ed49f385ceb9c50c3bed347970107498281158214b
 - waiting on tx..... [success]
 - fuel returned: 0x37f3e9af951dd1eed5d8d32cc3fcb5a1a7b790c0939f6084e8e30f0ed15c3eab
 - sleeping [68 seconds]
0x73a91c5cdd362306b0adc0d86d68c6eb262883f2d857786dcd0d533c0cb0bed8: 37756.0
 - fuel sent: 0xc20444fa4e530757c10aebc960317ac8e15aef4a5c817425aed507928e7b0149
 - waiting on tx... [success]
tokens sent to [m/44'/60'/0'/0/132]: 0xc5645c7e357b517fad745b79e89aa8f10cf2520826d72787fbf832198e59c4ac
 - waiting on tx............ [failed]
0x6f308fc816a386d3131a832c63356b87b3d127058ee6366d535df251f96affa6: 62638.0
 - fuel sent: 0x0a17e5852d7900ccbfdcf317aa5db593d67c8d31c5d55f3adc5b61906997519a
 - waiting on tx.... [success]
tokens sent to [m/44'/60'/0'/0/133]: 0x2e0ffb0a9bea042a6d9e2f91aab9aff1b8f0ad5c366c26f455ed86e041e06270
 - waiting on tx... [success]
 - fuel returned: 0x4b1d4ec1ff573bf67f80c6f1e25a13febee2628fbaf2631d884b67249f79bbf9
 - sleeping [99 seconds]
0xb771c11a0c6e8135ff98738160eef343a58ec81e85b2a36fa9bb303c7608ce9e: 29490.0
 - fuel sent: 0xece373679f5c4322cf6c9467b3d7c6824b4aa810dcd96b7223d9bd0ec01cc37f
 - waiting on tx... [success]
tokens sent to [m/44'/60'/0'/0/134]: 0xa8519a2616f90f4626ffb523d864dce73f27943d0149904116a6c14d89f03c4d
 - waiting on tx............ [failed]
0x638bcb92f1ceb1e1307d6600ca5bd3af22266129730b1ce2b9de2ab0eff33066: 9121.0
 - fuel sent: 0x0e17572c5ce2f1e611f79c131e85ac650b2adb0469a4d4dd979e8a0dc68bcbdb
 - waiting on tx..... [success]
tokens sent to [m/44'/60'/0'/0/135]: 0x48c0019c8e58f8275a1b69c1922b90929911fa8d882a94ca175b07527bc04b8a
 - waiting on tx... [success]
 - fuel returned: 0xbf96015eab581e8d0b08574e2ca855c642e02e7e672073b370f390aefe7b4c7b
 - sleeping [104 seconds]
0xcf1426ab148f2acb4729962937cf810e1f0e71d60b952e54f9618e2415c113ab: 50214.99999999999
 - fuel sent: 0xb68c0228f01af556305d04f63a398ab252ee3467aa94894ce135ab13b5c1c304
 - waiting on tx... [success]
tokens sent to [m/44'/60'/0'/0/136]: 0x6cc1ab7c11c4324ce480ebfa02c63d604cb8370e947e052022a71bf7e8b2be32
 - waiting on tx.... [success]
 - fuel returned: 0x952085603a515fd996cc33dc0b399272a4f41e00263cc875491646daa0e257d1
 - sleeping [68 seconds]
0x7afd7b8c5641bd9af06c327d870297d72c6dc8a1083b31ccbe19649cd4cd1527: 69643.0
 - fuel sent: 0xead9d2a46b9ca2b4743e7146d14b270aff3b94b7c1dbcaa4e72d5508551bbb0a
 - waiting on tx.... [success]
tokens sent to [m/44'/60'/0'/0/137]: 0x5a2bf697aad12a9e07447a8e68c53b3e425a3150daa7d83f692cb7dc509542f1
 - waiting on tx.... [success]
 - fuel returned: 0x25deddfbf1476feb9383a1068b8519ab754d8e5395d59502d5c00944f672de52
 - sleeping [4 seconds]
0x3a31c6c7e25a56e4e6d432c592d4280b5e13abdf4c800ed331da796b1d9149ab: 65321.0
 - fuel sent: 0xca79bd5224ed3c6a3fd72c1143b3e801f23794d0dc0bdebe33a21f1d21e4cecd
 - waiting on tx.... [success]
tokens sent to [m/44'/60'/0'/0/138]: 0x4dbf35e365ee74d0dde49d3b8c23d8fed2158d01c33365cfb570b9290165ef15
 - waiting on tx............ [failed]
0x92178dc7cb8400328919419b237f62ce05b6405eb0300092fa88f32238c67861: 56044.0
 - fuel sent: 0x2ab454d5d263f9713bfe750fde0c5f2c8c182205b335df40554fea5e14aef2ac
 - waiting on tx......... [success]
tokens sent to [m/44'/60'/0'/0/139]: 0xbbedc4f084891bfd06524fd1622d6726f9ebb171075bacc111525edcf98547cc
 - waiting on tx... [success]
 - fuel returned: 0x31b4c0e30c0d971ec89defa700bcf25d2615846df6c8c75bbd639776b313e698
 - sleeping [117 seconds]
0x9d6aa393ff1934cea190d6fcb3373e2539139e991d350d46fe97d3d69b3ec1f3: 16518.0
 - fuel sent: 0x7b7574caacb8dc831066b031105444d661b0c026b9fa5f71d3d8f5b6493cae26
 - waiting on tx......................................... [success]
tokens sent to [m/44'/60'/0'/0/140]: 0x2d22d1b37331d81d60851dfb000af9b337c8ebd5148ff50693a6bf056bbcaee7
 - waiting on tx.... [success]
 - fuel returned: 0xa1c84a15f03268fa5b3cc470a2cf53ccd6a269741137abb719043d67488391d6
 - sleeping [18 seconds]
0x961bffe781e47f4c2e2334944b791da3777a10b7c0742bf15bf9b9cc4cde237d: 34314.0
 - fuel sent: 0x0a3c36b70fef80d409de0b8578261a55667bdbc9ec34c3cc1ab71bad23e96c8c
 - waiting on tx..... [success]
tokens sent to [m/44'/60'/0'/0/141]: 0xbac58368443556e4a8394b56da35b5e320d8fcd4d3d4581770dd9781dc4eb2fe
 - waiting on tx... [success]
 - fuel returned: 0xcdb5f221455487806d6433281b777334e8fc69d638926a948f96b702d5229090
 - sleeping [26 seconds]
0xe429dbd6036d6b5715231d059c74fa708e57b9a36b9ee7915d6e5361af8203d3: 32935.0
 - fuel sent: 0x8e61ad4e829ee085718895fd07d2224d038428e50d389867cefa61f9454858f3
 - waiting on tx.... [success]
tokens sent to [m/44'/60'/0'/0/142]: 0x27f60f59c713c0462c08a5246ec33285c7a5749a366f27a2e32cbbc10a39f513
 - waiting on tx... [success]
 - fuel returned: 0x282160e9b3e2b066e62c48742fae7ecf58dcc39b39c327800a77932765e98867
 - sleeping [7 seconds]
0x92e3f163f21f01411d55c6753553a74446d7286364c99efa025df24c0fbf3771: 82596.0
 - fuel sent: 0xc220170389f84b4fcf50f925b7fe48966f4c7eb51803497284dd15b18c9cd0ed
 - waiting on tx... [success]
tokens sent to [m/44'/60'/0'/0/143]: 0x503c3da7d028c73ef6c0614c8438ff8cd99235e189af3718b5d6db51776130f4
 - waiting on tx............ [failed]
0xcea0a6634c412d8296c1a3ac4b886372995c59dba1c97b20649f948eca04e576: 83908.00000000001
 - fuel sent: 0x0cd0dd743fe4bae7f95d6b408e9af0be3bd5c7f15d33362cafe418cdb1e69b53
 - waiting on tx.... [success]
tokens sent to [m/44'/60'/0'/0/144]: 0xf7b098c4d4dd65f33bf191ab9e758261de6078e21b58053979aa105e2a409e51
 - waiting on tx............ [failed]
0x4ea2c35708dba121336d1868e8e785615d28a7291530b359ea9c06edf2fba36b: 16959.0
 - fuel sent: 0xdfad8b6169dc68e05fe3c5d46002680b970f61c6625fb302d5e18b793d1406ea
 - waiting on tx..... [success]
tokens sent to [m/44'/60'/0'/0/145]: 0x1113a7d60a756af2c706ecb70d60168c89fb1dd2f47233e7eaaff0a8a795e041
 - waiting on tx... [success]
 - fuel returned: 0x8098a221f8cf8741ff0ed1557ad3f002dd3caf46fcd4c55e0f07809fa8b6af49
 - sleeping [0 seconds]
0xb056cfc3336728b7e66a6f3f28a470d53b3397863b388bd915737c36b98bafd0: 9992.0
 - fuel sent: 0x8f5122408bdefcd2def0283023b97cc58e89cb5a8bb68986cea28cb2485d61dd
 - waiting on tx.... [success]
tokens sent to [m/44'/60'/0'/0/146]: 0x598b475e3df43651276da7f488df08e17a99801cbf9bf446f6426a52546a71e9
 - waiting on tx.... [success]
 - fuel returned: 0xaf9537358ec74f2a0a9c9018708995523f3287e89592a26fb241fab1862681c1
 - sleeping [57 seconds]
0x8537b3b3a734344b467efb4146d93382e19bdf6b571df50bbb623b3542f037eb: 18970.0
 - fuel sent: 0xcafd8b1440ca9fd8bece6e614e88aaef520607538af844c9bb8d2df80ed13142
 - waiting on tx.... [success]
tokens sent to [m/44'/60'/0'/0/147]: 0x779f0539c17810403e3a3397a6d1b6e49a0725032c3a73df2ab7a51a0cf3bcab
 - waiting on tx............ [failed]
0x1d2c6231a93dae5a401738e7720e77d2bf6d0d29f1ecc37d09d489fadcc667e1: 67600.0
 - fuel sent: 0x375110aee9a41a99af87f6b89a63d9ca2f70791122ee2b024d6d92fb821e0647
 - waiting on tx........ [success]
tokens sent to [m/44'/60'/0'/0/148]: 0x898b6d455929d0a6582e760759e5fe99c45fd3ca6f4b237c88ac53fd73454f86
 - waiting on tx... [success]
 - fuel returned: 0x216ee1db50abfe00b89cc57eab3ee32243d05475cf55da69a4a7010d28898bf7
 - sleeping [4 seconds]
0x6789841be7768ba8a0b99b33040f9841ec198dfcde53cff04b36155e26544515: 25168.0
 - fuel sent: 0x580591ebc720a6f70ad135e0cb02ec267933573b4aefa0a6bab6ba24291ebdae
 - waiting on tx... [success]
tokens sent to [m/44'/60'/0'/0/149]: 0x417e3675c12b45e3b576746d47012c0ed79c38362e5f8f0d8bb1ea4e65d58a60
 - waiting on tx.......... [success]
 - fuel returned: 0x16da66a68d5e380c14406defbe1763cfff278eafca6218f05de6bb3242807eb2
 - sleeping [120 seconds]
0xaa199928b81cc5410d24980c1f1d7044c04f8eeb11b2422a2c117c0086f71417: 60601.00000000001
 - fuel sent: 0xcb57277f2e75e6adbaea8e266f56184668ae4ee29ceb722a5ff192b228aa578e
 - waiting on tx... [success]
tokens sent to [m/44'/60'/0'/0/150]: 0xe1795201b3d566a11e8ae39cbefd5863ca335a4aa42f349f68d2925de89ab163
 - waiting on tx.... [success]
 - fuel returned: 0x0f23730e773e5e1e3cf8e76fbdcec898d4d80b88a1a93168f112688d21b2be06
 - sleeping [5 seconds]
0xe5c8151dbf17f4aaf21e4242e1f6425341470abe47f0406177127e975172be21: 66254.0
 - fuel sent: 0x0929dda960892bb322b4af4370d8eebdf47afb1020c774acfba06ffa32b12e6e
 - waiting on tx.... [success]
tokens sent to [m/44'/60'/0'/0/151]: 0xaceb5baf252303e409178f43e33db0187a804dd6d64c85c0885d85195c640eb7
 - waiting on tx.... [success]
 - fuel returned: 0x3b327a73592136104b88f7b0a5503c5c8d7deb32028daba0cd6bdbc118e4ad19
 - sleeping [79 seconds]
0x64841ddd537f9216c1bf0fc00f86b697d4803da3269670314b3ecc799a452476: 62620.0
 - fuel sent: 0xfa81d8e6bb79d1e016a4f5040ec4e7fd7b27612a41daf3d1cab9df3b6b684169
 - waiting on tx..... [success]
tokens sent to [m/44'/60'/0'/0/152]: 0xd657f63fb3c13d236e8c8bc0a35751a6902fc02e46cde7349105cd333c553f14
 - waiting on tx... [success]
 - fuel returned: 0x5c92d3ce9044672c8633c3b09eeefdb11203ee4d70a191560719c0b133aa824c
 - sleeping [91 seconds]
0x26a2922b49026006c5d414d7f49dafba579e909a22216d0a130f325cc1112c4f: 22416.0
 - fuel sent: 0xf9012f62bf183014f5a401503468b1b1daf10e8bdfe8617bddc3fa795948035f
 - waiting on tx... [success]
tokens sent to [m/44'/60'/0'/0/153]: 0x9985825ea1d50cdb252681ee07dc65db323b5ecb0abc20f89c676609beb23645
 - waiting on tx.... [success]
 - fuel returned: 0xcc644184a87201dfb71a86e490fc3984c4bc08072c8ef39124c7846f64d341d1
 - sleeping [108 seconds]
0x38989883a82a7ecfe7d83539f3b33b0598ffd2d1b61636e5d9241ebfdc420fb8: 20366.0
 - fuel sent: 0x656f3a38e53474657a6e56b363353f786481a73ac30df6cefcff3385b87efc5d
 - waiting on tx... [success]
tokens sent to [m/44'/60'/0'/0/154]: 0x739067399e244decf873b5f68384f06404a00dd6a27865789feb2b3c579bf62d
 - waiting on tx.... [success]
 - fuel returned: 0x3586894ec2963570320902e534fc0247d3ef7b42e0e0247a31712473a9fa2d94
 - sleeping [7 seconds]
0x25656e6358bc394f1b47503169d3d798db700100132043cd9ef5bc273f394a40: 41369.00000000001
 - fuel sent: 0x09d285e19a3154a02740e44b0be0aa8062ecadff4f19197b7f0e72149c9422bc
 - waiting on tx.... [success]
tokens sent to [m/44'/60'/0'/0/155]: 0x0ddebbed06c9473cef140668030c71038c50ca9fc4c77c0ef34913d6dbdd5a95
 - waiting on tx............ [failed]
0x5aeb568ddfd4a1d1342839e3b02de8fa85e41be94a66bc98ee8b27e3602d2c85: 52685.0
 - fuel sent: 0x37d3095d19ad66f5bd09f1960d24cf40b059057e0810b6bc84918012884655fd
 - waiting on tx.... [success]
tokens sent to [m/44'/60'/0'/0/156]: 0x07eb630428b5eb2733462c75245acb13d75fff0560b589740f8c02a9faeec34d
 - waiting on tx.......... [success]
 - fuel returned: 0x9b639aed755684725e0cc92163ba786c403f42abec63290c39ab6ab115a64c0c
 - sleeping [27 seconds]
0x1b38ed5b5179849eccf89ea0fbb5b385817fa4f89aeca8dffb1b975e9fdc1025: 73890.0
 - fuel sent: 0x27c9593b5a7e8bc895589d965a6050340db7f3d4903641d23458dd614dcab79a
 - waiting on tx........... [success]
tokens sent to [m/44'/60'/0'/0/157]: 0x81e1583c646faae5e625fd72d00043e091f3d8ccc4e2c73047503c97af7be8a2
 - waiting on tx... [success]
 - fuel returned: 0xa11f76e9851eef60ac4b7a339ac5e38ddb2a5708170b0b940927c8aacbed6151
 - sleeping [1 seconds]
0xe5793048027f6eb91538a45d38f6fc821590f6f26a1433e1dfb1e27997556f8b: 57802.0
 - fuel sent: 0x4f93656c19ea9240cfdc0e4883bbf852e2d7b3c341df642f6975e049161e5c86
 - waiting on tx... [success]
tokens sent to [m/44'/60'/0'/0/158]: 0x52f00dc6a0ff0a7daf5bc1bf1156e9d3d459dfadd663cf821cfb51b2b97025ce
 - waiting on tx...... [success]
 - fuel returned: 0xffc78fdb6c896ec47a7264b0eb5e4141ad8cdfb3abd48368e4bdc5f637e70bee
 - sleeping [86 seconds]
0x1a560cddb59dc007ed979d57e889437ad1c9b7f30161d42b63d1d2cb32a79efa: 12001.0
 - fuel sent: 0xd71415c1c0069842c79632552147f0496ac24c4827c4ddf0d3f826654dbbaf09
 - waiting on tx... [success]
tokens sent to [m/44'/60'/0'/0/159]: 0x4dfa001e25444fd50a32df79f532a0bdb070c8ee119af1defe71b279ff7cb523
 - waiting on tx.... [success]
 - fuel returned: 0xe97179c4f8580c7be430d6835c9879a8e6de91e993a6134c23e83d6fe652980b
 - sleeping [1 seconds]
0xb065c40d04d54e69f381511c76f8473aca1e4241e93b278933d04f023adac1e1: 67836.0
 - fuel sent: 0x55ff1cce361e66e760603df13d20d23c2d01a3f7fdf36572747053ca706febbf
 - waiting on tx.... [success]
tokens sent to [m/44'/60'/0'/0/160]: 0xa2c6da51a45fa415018d6fdfd074ae2ef09456bf468e2689a0e63e501e2614ba
 - waiting on tx... [success]
 - fuel returned: 0x4a7ba076bcd8794c4d41992cb380f4bea036577e4dbb70c77288b33af9b928e9
 - sleeping [96 seconds]
0xfbaaf525de255c5118e4767382f359da732d8b594fa3ec3556488146fef9d9f6: 62240.0
 - fuel sent: 0x061d5bad4c6d73c0e14cd4d5f9749dbbf7300c2befd1ceb8bafd5792f184aa2b
 - waiting on tx... [success]
tokens sent to [m/44'/60'/0'/0/161]: 0xd7a57d4cc4b715cac9d4a48736f9f4327e97d1310b118089a0d8c55ead2ecf34
 - waiting on tx............ [failed]
0x5a5a592cd761c9081639d1b95fb6d75d7408b0bfa4c2fe2375678d0cab9fb1ee: 11894.0
 - fuel sent: 0x9335bd447b6dba1836b4ddbfd7414456b08ae4f99e67997f722cbde7bd1de27c
 - waiting on tx.... [success]
tokens sent to [m/44'/60'/0'/0/162]: 0xc5f04bd6869699f37229a69e13afa99fe1e6d00bba93b05b014dfd2985c65781
 - waiting on tx.... [success]
 - fuel returned: 0x6b7bfb28001bbb5c30972fcba832818f81758e3d928ecee8fafc185a3331be95
 - sleeping [66 seconds]
0x1f01c297f746bb6664866cbd08125d1a56531c451809d4a0ce9f5253f139c665: 65477.0
 - fuel sent: 0xf6a70d1ba9b6403ffc72383a85efbe1845737cd1c3c29c37df0bad6c78e87262
 - waiting on tx.... [success]
tokens sent to [m/44'/60'/0'/0/163]: 0x0f569e9f4887faf08e90aa5c8d2c921eb767f7113d5e463cd4d6afd2eed47f07
 - waiting on tx.... [success]
 - fuel returned: 0x4b6045e8b9ec92f14791a8bf64cbb6d071487c9b5c875a5f4b5e9e900be9b9c9
 - sleeping [62 seconds]
0xb6ce773022ee54f3b0ae75bf7d243779afc0cd8d62a77720e0f1587dd51e8cdb: 7175.0
 - fuel sent: 0xefcb07cb01a458fd96b256e061fa3f9a5d754c9bcf79284b58151b27f9bfad50
 - waiting on tx... [success]
tokens sent to [m/44'/60'/0'/0/164]: 0xb4862fc21834216a23c112cb7d822179bb15cbc6a25c7bb3e2c95be6372dfe34
 - waiting on tx.... [success]
 - fuel returned: 0x83f6040f5d7a1132ffd92e6ae0b777a943466c497f8b7a65443f5a39ba562c12
 - sleeping [96 seconds]
0xe5e0273c9ed6504c87543f9ba80d069cdb7822cba9902d55601d5ddbf3972ea0: 84447.0
 - fuel sent: 0xbdbe190a06def465f4088e5b2723999f41fde814590f33bb70c6313287ff142b
 - waiting on tx.... [success]
tokens sent to [m/44'/60'/0'/0/165]: 0x8569e7bed9f7dff5229bf4a4da381f99bb84b994cd395f11d79eafd40ff3e87a
 - waiting on tx... [success]
 - fuel returned: 0xe53b178583d50660dbd0e1797dc224c9b7b078b3da2f1564aefed6f63643e0ac
 - sleeping [23 seconds]
0xcdbbc11c695ed043e66fb8d58086877ccefe7ea76547d79f0c5414d1c35a4764: 26486.0
 - fuel sent: 0x90b57296cc6ae8a180b1421838ccd11d8b07815ae6024e58ca5efa4c7e89397d
 - waiting on tx.... [success]
tokens sent to [m/44'/60'/0'/0/166]: 0xf532b86bdd90d2256fba1b3987d8621bc14e9333f4027f02c25b3331df78da14
 - waiting on tx.... [success]
 - fuel returned: 0x1af6f93e3fdc57e0252f99151d76c2063ab9ab6a6773d86ab3ef1918cbb03e3e
 - sleeping [66 seconds]
0x4ad5206d65eacddc67eaf668cf080366feb755e010ebd7659e67cc5c8df21a4b: 11484.000000000002
 - fuel sent: 0x33ac383a2087fab248713dbde37eb16e18399ea2f8318bec652fa968915ee912
 - waiting on tx..... [success]
tokens sent to [m/44'/60'/0'/0/167]: 0xa724868ed83a629f781fb5318381b32d799b8b8cdee5b0a7fa51e33922b147c7
 - waiting on tx... [success]
 - fuel returned: 0x9900d2dddd57dff15da90e25bbed354e1e4540a9b0813beb16d9471a770606ee
 - sleeping [89 seconds]
0x8e187da10d29b04d2e07b2bb5bc622444318ac65779b8588eb8b1c0524da5d2d: 56032.0
 - fuel sent: 0x71fc59844086e980291b2679f34e7ca885ec7e8a2e5b07d62ab580c1fa02a5fd
 - waiting on tx... [success]
tokens sent to [m/44'/60'/0'/0/168]: 0x6bc258a1d2b2cc841c55c75bd0e6e4a929ea99675ca2be43f4df895c5c0bd0e6
 - waiting on tx............ [failed]
0x0bc5569c7703026b0f3a25a998e495b7710beb2904db7a443ed7f4e08340c0e5: 6579.0
 - fuel sent: 0x7f450160a4a607c141832c05cf79b4eee78a7e6403b0fa19970b79e322348a8c
 - waiting on tx.... [success]
tokens sent to [m/44'/60'/0'/0/169]: 0xc342596bd8c0eaa1f098f2709dd521cca1e7468aab12ed836f6d872bdbd54b63
 - waiting on tx.... [success]
 - fuel returned: 0x7717a67c0a139c3b735c8b6040f973bfa2dd9c74c0cbe03f6c984b28674c690d
 - sleeping [65 seconds]
0xf69c67ccf0990e0a7095dcf400c6bf4ad03bad5b31f462a66ac5e9770ae0920b: 17217.0
 - fuel sent: 0xa853ad1659fbcd91b76d82ac62a33da767d05e7fe4c1ebf0e50b41b11f406adc
 - waiting on tx....... [success]
tokens sent to [m/44'/60'/0'/0/170]: 0xaeb214bd5788f46dd1cc3a66206d09cd55d5a11d83b01d9f0d07024215364681
 - waiting on tx............ [failed]
0x841f20b076daef05be6fe5f6e72393cae3dcb2c0d58d0445dd5f844f0098f0bd: 33511.0
 - fuel sent: 0xf33ce4f81ceefa7e25c57e12c680e0b2f50c63d56b81c8d37eb985465b2a7e70
 - waiting on tx.... [success]
tokens sent to [m/44'/60'/0'/0/171]: 0x5cdbcc5405922f602178532560d1dd15215210a6f05f77e5f3867bac67e7f999
 - waiting on tx.... [success]
 - fuel returned: 0xd0749f22dc2cde8faf61a233473bb8c2d89a370fc3e1861f67452bf80f09ee9f
 - sleeping [6 seconds]
0x18984198e129b7b6acce8415c40e35918c3a5fde401e4d5b3f0608468604acfa: 90066.0
 - fuel sent: 0x06947a37dbc6389fd34da0805768550f0cccbb6cd706c3e79bfe7c7f9e188b55
 - waiting on tx.... [success]
tokens sent to [m/44'/60'/0'/0/172]: 0x6e52d464ec34cf4f59db8e10abc6f50e5492cc70fa59649b49205f2bfa27b7fb
 - waiting on tx.... [success]
 - fuel returned: 0x43f1ba9a63ef575074767bf7e0cf3cdebf71ad3b3fa53d78ff815cfde0480295
 - sleeping [99 seconds]
0xadfe6a29b56c968922fa5768510b2454a1c1311e1c163371874076f950f3fd2b: 75980.0
 - fuel sent: 0x8fbbe76bb6237a07fe4fb1e3bf81cfd2be145dce56ca6b67bb9f2615456e2bc7
 - waiting on tx..... [success]
tokens sent to [m/44'/60'/0'/0/173]: 0x3d0ea8cce76cdf98d37cfd84d33ec39f1efb0e906ff42f4d8a04924af6568ea2
 - waiting on tx.... [success]
 - fuel returned: 0x5ee7f3f8fb85670ae858099aaddbb37614eb4628e20c1f836ccc46bfa679686a
 - sleeping [41 seconds]
0x82b3119ef4ad935ab6721c0f53f42c72c9975ecb3be3ab4388fdde1cb56e3034: 70622.0
 - fuel sent: 0x4787534b736ffcc3197b8a8e9bce61da6ac0c9d875123f28032a8a40e274e642
 - waiting on tx......................................... [success]
tokens sent to [m/44'/60'/0'/0/174]: 0xf4b0860025006166b02b1a47d3a8cfe47ddb30ca18e38ead89d54919e8e31fd9
 - waiting on tx............ [failed]
0x821f19cb3675458506a956a4a4c5c298c8a1e3593b7d56c3e957a6a1f83b3d73: 54860.0
 - fuel sent: 0x777de02a7e2372c70297c2fc669e85cd1d7f7266b9d0cc5af0b31b597a406d8a
 - waiting on tx.... [success]
tokens sent to [m/44'/60'/0'/0/175]: 0x72a2efc3b5a0e57b9b9892cfcc3b9e93470ac6820325d61ee4dc1a5365b02f4b
 - waiting on tx............ [failed]
0x0cd7e18b6311383b946f375124d3d837a99004f1448f62ed065a18601c8a5d73: 12275.999999999998
 - fuel sent: 0x13a442f7c214f7bb2c94567191098c9611b202e14360981684f1802d33500137
 - waiting on tx................... [success]
tokens sent to [m/44'/60'/0'/0/176]: 0xfdc64df4c45e04e84e10895422117c1f26c9924ababf7398eee194219c0a232c
 - waiting on tx... [success]
 - fuel returned: 0xd6865ea527d926cef2e5987581c7c83214a4ce80eac8420a7b55fc8706fffa9c
 - sleeping [110 seconds]
0xa06645152115294b628f091052c448c0d02440a193f8271774f38c3f847696d7: 84802.0
 - fuel sent: 0x50763826c0469b0583735a8a31c8607d4c810362106cc598a5125816dcfed342
 - waiting on tx.... [success]
tokens sent to [m/44'/60'/0'/0/177]: 0xb010f333c6933139aaab8ebd60d6b756876e197895989b557a6f140ab2817b2b
 - waiting on tx... [success]
 - fuel returned: 0xb9d0c17d69d0f7947cd83a22b545c5698facc3da9340c208e99974e613179b6d
 - sleeping [77 seconds]
0x5eca5884f0a8b27b7bd4877b1c1353ed3d0f0b33c6dc536d3af592cf448df530: 35717.0
 - fuel sent: 0xc44ec110d6faf81d7d95ea817eb392c38419484cc4160744878a497cb6d5fee7
 - waiting on tx... [success]
tokens sent to [m/44'/60'/0'/0/178]: 0xa9afa349ad57b0dc327f5d5245978d3a4be01605aed2e01efa88403412bb37c5
 - waiting on tx............ [failed]
0xbd1c3fa5ea8413678c41a05aa79bd56516ac9e1e99a97b2a15235eb31cd4847e: 87711.99999999999
 - fuel sent: 0xd9cecac7f87e4711e74d4a4a0d825732f42c12817db16eb604eee8f203452b33
 - waiting on tx... [success]
tokens sent to [m/44'/60'/0'/0/179]: 0x25bb898da759c8fc35727c84b186d14717054ed31e16fa64cf2dac87cd3d5db1
 - waiting on tx............ [failed]
