0xcb2aa83af1cee8cc200356c236800c19634c8107c0792c080dbabce352849fda: 53341.99999999999
 * sendFuel(): nonce too low
 * m/44'/60'/0'/0/0 0x1834Dd881DE865d002032f948a03db0129Eb1Ed4: 5.709040282434691 eth
0x1bd104406b3d0c3eb091d3f160534a36eb65a5fbad0285069cb452d56deed329: 20896.0
 - fuel sent: 0xb4b1f5f255b7ee61ac686a270292851b804b1f05e1aa249dcaeda7c501105b4c
 - waiting on tx......... [success]
tokens sent to [m/44'/60'/0'/0/181]: 0x015e0701f7c12f4529662d65849c3a47dfed4a63d77a48621aaf1ae21c99c842
 - waiting on tx... [success]
 - fuel returned: 0x911ed1812daec838f687bb8beea48ecac11eacc73c7741dc3637d8c4f028611f
 - sleeping [13 seconds]
0xfa490cb2bc26a702c7e3a4dc97c1fadb75df961d5c45f81088bac49a43024e1c: 58873.00000000001
 - fuel sent: 0xf6dd98cf1ca50b7678ac270ab42defa8c83c426aa6b0d98d2f05a413648c409a
 - waiting on tx.... [success]
tokens sent to [m/44'/60'/0'/0/182]: 0x703f15d3150ac79e7ac538523491cdbd403cff398c113b83c0ee23cfc1ff40e1
 - waiting on tx.... [success]
 - fuel returned: 0x1be13b7c57d0a78d93e62fdcdc58fcf254d4908a6231d13bef29b5f3146127b5
 - sleeping [25 seconds]
0x941ea50dbbf458d86a705d839f8c16e1b84b9023d604445c5ab9dcf5314c2679: 41489.0
 - fuel sent: 0x092f7011d61406a0b3481cab5827de6d3b15d96d0309a2dc6963483ff71eb356
 - waiting on tx....... [success]
tokens sent to [m/44'/60'/0'/0/183]: 0x1a3a886b39ea7be44528e35d603e7aa13a1f09ca66acab37e62ff25cf12dd715
 - waiting on tx.... [success]
 - fuel returned: 0xd8aa4a9d181ad1d3d8d58a10f5ea6e6fc6ccaada492e85c5b347dc6d4179594d
 - sleeping [33 seconds]
0x70622225c784b64e670e064e4a79515e57e60216fbe82da90313701c1787f2fd: 44440.0
 - fuel sent: 0x0cdb6266d0d97208cb60016687f3ce9660dc4c78d86c9ceaf83401f77114aa7f
 - waiting on tx.... [success]
tokens sent to [m/44'/60'/0'/0/184]: 0xe5baf4271ac468add7d7508a9bc8ec940acc3af20fcdcf08733b6d388bede9cc
 - waiting on tx............ [failed]
0x8d2b89b400f02c08b47d8e518ea42f54dce5456198f00ab9fc05e04625a2a8b9: 3700.0
 - fuel sent: 0xd47a8a6456e462a80571e8b59c55261db7a7bdb12792925509e9777e525b0e2a
 - waiting on tx.... [success]
tokens sent to [m/44'/60'/0'/0/185]: 0x9360afaf2e4fcb7d6a0ca7f35f6fb3a0ca4a8fbc884ad57d99e5af1656d60842
 - waiting on tx...... [success]
 - fuel returned: 0xea760356fd3824b6b5729fdd400b7f50fa3d00f2f1eed7d3933d2fb17f29a0ac
 - sleeping [54 seconds]
0xcd448c2421764c5c89dabe9fc41d37d2c0c840af88cd207d56e88bc1d874ecd9: 7544.0
 - fuel sent: 0x96f9e173de59a10926311c27b1945a1a83dc7f60274d422a8b269edf250bcd17
 - waiting on tx.... [success]
tokens sent to [m/44'/60'/0'/0/186]: 0x2a5f8bf170e39470ac312c696008620a18fa8bbc3b42b01227f47b4cec7874cc
 - waiting on tx.... [success]
 - fuel returned: 0x13dc270a7b186a4ba76926e448ea2fe8c096f0e00d0f2190e9e3e606d0a4131f
 - sleeping [30 seconds]
0xbcdc70a3497e645a72147b1751da81b67eb49900286e02af53827d0c2b5b996d: 3110.0
 - fuel sent: 0x321e33f82ff6a930b2843b85a4fb6c6f3400d6fed01a4698998a98a16e84b38e
 - waiting on tx.......... [success]
tokens sent to [m/44'/60'/0'/0/187]: 0x2fff2603e4fe3b6f8f970b0d9152cdfe1acb47688b41b261101717629dd3370c
 - waiting on tx.... [success]
 - fuel returned: 0x1d0fc2e4412678a24eeca3493398b6aac1cebfea8f543635f8c353ecfc510b4e
 - sleeping [86 seconds]
0xf84ea7ab62a8a9449d92d45113c00b9c396da665ef47b03a0daf708a048d2c0a: 14742.0
 - fuel sent: 0x153383c66b1318fe93dd317904c89395e2702a980535d83113925deb014ccb39
 - waiting on tx... [success]
tokens sent to [m/44'/60'/0'/0/188]: 0x5ae9a1ad29c76c27419fbcd60671bc202e2d60a9a465b069fdc1c5ed651563d0
 - waiting on tx.... [success]
 - fuel returned: 0x44d669fa4b77b5cd3580482e7c796f6b2e2cf0eef58ffbdaba28de6ebd0ac2b2
 - sleeping [88 seconds]
0x6d9ca63b8de53f42babb4bc5eb213123c694cca5a62ccf214d6e7ee125a72e67: 19998.999999999996
 - fuel sent: 0x8c7c4b0fdbc1365841f3ff77c5a795c9d35b501cc566d94af0370780b8ad5edd
 - waiting on tx.... [success]
tokens sent to [m/44'/60'/0'/0/189]: 0xfc24515ff82452276a10979983a7fbdaa9db802303176e47e87f9d186b80185f
 - waiting on tx........ [success]
 - fuel returned: 0xe47fc05c2d5bd3ba2fa829e9ef97446b8cda22a81861378b61e44ff944de3bd0
 - sleeping [47 seconds]
0x309a2e0c28f943d5fc6a00efb85565196f4023560b55e02bb280a667e1102ae9: 24589.0
 - fuel sent: 0x351196adc963bcd1e501718d848f9493913e59a6e5ec30d31d75b71e059542b9
 - waiting on tx.................. [success]
tokens sent to [m/44'/60'/0'/0/190]: 0xdb024b426a5826d25c0b896ec29b93d72e68af03df22e63e12f822960fae4e63
 - waiting on tx......... [success]
 - fuel returned: 0x6e5ec67cb9e4f671cf5b2870a6c2f4c176a3911ea41e497d27668dbf7599bddb
 - sleeping [54 seconds]
0xa7d6a755b14899bd5ab146f1d39ce3f69a59a965a058aefbaf2c84d007221dc0: 61628.0
 - fuel sent: 0xdc11fef91898eb04ab4753f98426af9addb3f9f618d715e8773d8a3b98c229f4
 - waiting on tx..... [success]
tokens sent to [m/44'/60'/0'/0/191]: 0xd12ccdb1e1a32779aa53033511f0ad1f11be0dd59f4a9c97db76e9ced971bdb9
 - waiting on tx... [success]
 - fuel returned: 0x79d1202e077ca99c0759ff53091c24b3b10bf69e9a87bcbcd754d81c8f8332c9
 - sleeping [112 seconds]
0xad845bb753dc10ee87957da69a1063149d209aa8d98963e27df12c2a7cbc15ed: 67614.0
 - fuel sent: 0x3785f59b456654c256b39447afcfe92a1384fbc1ccc528a0d29a1cbfcee9d2a6
 - waiting on tx... [success]
tokens sent to [m/44'/60'/0'/0/192]: 0xa598ba4c7fb3606c91932391318bdf0fdfaab7cee5bb338256d5bc671475f5da
 - waiting on tx.... [success]
 - fuel returned: 0x0c8640cbf2055f2e1c14ca9b04c7b87fd2edaf20b3fd7e681e010aa1bff807d7
 - sleeping [49 seconds]
0xbf5079371ea55ec63954c5ae21f1f8315b54a421f0436da5347cac4ed9a66b6e: 14728.0
 - fuel sent: 0x35e8a515257ed7bd05d08f656255289440c797626819251464e1bbe61fc6fcb9
 - waiting on tx... [success]
tokens sent to [m/44'/60'/0'/0/193]: 0x63676115127fca859573807c623d4111849ac84277f01baf96372fbb6eccd751
 - waiting on tx.... [success]
 - fuel returned: 0x1b72a46ad2c4e6bfa1cae553af6be779488e71bdf08d7f26ba4febf3294b237a
 - sleeping [84 seconds]
0x24011e79d0aae1e465165f823db698c4189ec2e314724490c7bd4e9fec6ff687: 80202.0
 - fuel sent: 0x8bf36dc4c49621e7294c254e02ad77fcf52ade6ad45def91138ae4ae6830ae47
 - waiting on tx... [success]
tokens sent to [m/44'/60'/0'/0/194]: 0xd57cde35a4d9fcdea140784f06951a1ff83b005c3cac7f578f3f3c44d10ee2fc
 - waiting on tx........ [success]
 - fuel returned: 0x74cbb70720e30402dbbbb7bc8eacc33740bdc58dc44a41c43698275e85f7ad11
 - sleeping [111 seconds]
0xcc9408b507733ddd6f273c8e7ae72396be3f55c1be7a8ca85889f63cb74f547a: 89265.0
 - fuel sent: 0x9e5827c0d8e1442e3dcfa284ce31851d2aebb16da17badac09a37e22ffe87b20
 - waiting on tx.... [success]
tokens sent to [m/44'/60'/0'/0/195]: 0x54d147d52d08c8b7ef5d8e213faa69902e193472bab231b815d10e018e04891a
 - waiting on tx.... [success]
 - fuel returned: 0x58697fc5c4911a946883848ec1cf05613d53f03f629f121984ad054d3b507067
 - sleeping [75 seconds]
0x346df6428d8f172e98956f0fb9cf5f624cfa106cd66bce4fcc2cb74f4c4bba5f: 2476.0
 - fuel sent: 0x10f1fe05d067c5c9847f55e6b1c84e80c88863bb25f2b9e463f1834e78d13ca1
 - waiting on tx.... [success]
tokens sent to [m/44'/60'/0'/0/196]: 0xfd1d440278b0fa442141037f84ffcbe6ebd0acbc89a2de1a082431a48ceba73d
 - waiting on tx......... [success]
 - fuel returned: 0x38be9e40f52dc56560de7de2f90a85f458c1d3f19bfe191fd4364b7afcc7ec87
 - sleeping [40 seconds]
0x275832395fde332a7276da5156759d5aefb8e857fd3a3efc927936698cdc0d0b: 5444.0
 - fuel sent: 0x5c84968221eda34623ec2c1abbd340365ffc25e743c15355c50f5ee91b20c3c1
 - waiting on tx.... [success]
tokens sent to [m/44'/60'/0'/0/197]: 0x60ad8fc7ccfbbec169290866928d7cc6ba4de2a5ec74336d1a64457dbb716b1a
 - waiting on tx....... [success]
 - fuel returned: 0x337c6fcafb5671ae30a35ded4698fc31855e5b6c1c46971aa0695ecab58ecb25
 - sleeping [76 seconds]
0x58c47597ff6f80cc2b201b693b66db53e9081f8d4b267ac2ab7160783b79e58b: 5943.0
 - fuel sent: 0x02f4182a9f6d3c39c4fb2910985882f4e09bbc331c14548517e28965d0f422ff
 - waiting on tx....... [success]
tokens sent to [m/44'/60'/0'/0/198]: 0x6219b0bdfc0531c79f6be51f9e48820f8b361a91d397ebcbb82a51b15031e591
 - waiting on tx.... [success]
 - fuel returned: 0x2022d1f3d3d72c33e6386cc53986bd2a951f680d880af877fab59bde7c333b8f
 - sleeping [105 seconds]
0x977939f99e3bbbb08f389de0829bcf34474281fd194f2b0124856ccd5301ceae: 82538.0
 - fuel sent: 0xbfa41ba28a67ff67bcdd6c31ea329e76d6886cc0b8945982a04544d54b3deb42
 - waiting on tx... [success]
tokens sent to [m/44'/60'/0'/0/199]: 0x6956a1e33882750324d03f9a83c68ce33b8ab4560ea40af379643014f6caa66f
 - waiting on tx.... [success]
 - fuel returned: 0xfeb63e3e0795d73221c568a3541ed2c8da964d6c6f4bfeee12a066a3dab84e06
 - sleeping [118 seconds]
0x8ab3da778c7387e1b0751be515e69a893cf933bc812b8a1d4536ea32e550ad70: 2822.0
 - fuel sent: 0xfb45fe054c7839e4d617d9b00ff90c3f2e93a7cb5f8ab585204ee7e6b36e9b90
 - waiting on tx.... [success]
tokens sent to [m/44'/60'/0'/0/200]: 0xae2834b6b6e0e20b088d033a99ccd1bf1bda2336daf46d433ec5d9ff61baf054
 - waiting on tx.... [success]
 - fuel returned: 0x0ba3fe6dd1e94f31eb38383a7c6e396d5f8a83adedfde1f23316d35a6c3620e1
 - sleeping [108 seconds]
0x8ea21b87c289d3582a9612e05869989cb0c766778ad20d088be757e0cbf55171: 6864.0
 - fuel sent: 0xb852ca77d98a61c59a85d20bf2edbb84ce2d87a5cd8f79cbb2d0508dcf994c0d
 - waiting on tx..... [success]
tokens sent to [m/44'/60'/0'/0/201]: 0x91b3122b9835a948e0a7babf3cf62a2e9d443bbb39a0e2639c9cb416eefe247b
 - waiting on tx............ [failed]
0x9b528ffad79475e6074b668ce4c3db08f226309daff6a756e02f276f1b12f941: 16603.0
 - fuel sent: 0x7f36ed7667d05f6415fbc65bd65aa5fc23b519dbb460c45f3a62e1ea9ccda4cf
 - waiting on tx.... [success]
tokens sent to [m/44'/60'/0'/0/202]: 0x3ef725f6be09499ae69657587fa1fc6c3905e11500d00828b2c3f9ab390f3173
 - waiting on tx............ [failed]
0xd8556bc0a6bf3072bda0f6c57b58977a199cab4487f14518df47e99511d469dd: 35358.0
 - fuel sent: 0x28667505100c1377ee8c24a8109500c3920208533a4dd751275d8c7bc9026039
 - waiting on tx..... [success]
tokens sent to [m/44'/60'/0'/0/203]: 0x65f3c074b5bcee590b83c944c6aa68140401b9963401d21a23b00ba7c4b5638c
 - waiting on tx..... [success]
 - fuel returned: 0xfa9f02350712c3bc69b95bbbe5fbc1431095b2b126a561f1e202876fa744b6a3
 - sleeping [65 seconds]
0xe0b336c7e345a4dbdabc3af6ecda55b7eb3d2cd00945be94aef293c0581f0b8a: 77833.00000000001
 - fuel sent: 0xb2c485f81d67a0cf4470a1bcd5e192afc274d307b0e8097df08df4ca03aabec3
 - waiting on tx..... [success]
tokens sent to [m/44'/60'/0'/0/204]: 0x6184f954376d13ffef6855b205ec4625560fba158b295feac52bca006a585384
 - waiting on tx... [success]
 - fuel returned: 0xa6801c437207ee5a7f6f109ad8e4d138b1f4d8992c9cd51fff2d2bc3b5429930
 - sleeping [54 seconds]
0x3640735f46ea46c4f95445288d8331ea58aff859a58ee108cbcb3fb1c8419bcb: 77098.0
 - fuel sent: 0x0e37347785e7e56db178cc0d4d1bee2c5a731a2635205da41486db5d3237c9c2
 - waiting on tx..... [success]
tokens sent to [m/44'/60'/0'/0/205]: 0x4a032f8aac0dca349692a8004a54c282e896c48b960558081155c7c4d65cd51d
 - waiting on tx... [success]
 - fuel returned: 0x13b57c4b63a3001d77c4f96ccd4c4536b7a3451fb2dc0351eb54bcf7ea388563
 - sleeping [68 seconds]
0x5a2cc4f7a10cea6dcc6181616d7a0066f5aec0cefa456119097fefa120569f22: 77103.0
 - fuel sent: 0x9164759eaf6a36811f89eb392f541f46a42afcf6cad5dd91a6968540eb7e326d
 - waiting on tx.... [success]
tokens sent to [m/44'/60'/0'/0/206]: 0x621727420647bfd2114335c5b86761ae2e0ecb825887cebefffe6ef28fd11c6a
 - waiting on tx............ [failed]
0xb1bd08b66f1c84b2f481e1e5ff6961d9df2ba67edae1ed0f83f9319d71aa7a0d: 24130.0
 - fuel sent: 0x3a1c4102ec6b67659834fee28cd01bb3eb38e0546cef7b5762a3e9ca315f6a02
 - waiting on tx... [success]
tokens sent to [m/44'/60'/0'/0/207]: 0x268190ae59d3e475c6f2a23fb52e02270ff0ce8654ec10506eb93865c441ced1
 - waiting on tx...... [success]
 - fuel returned: 0x2a5eb56978387ee3f8dac3b71591b545d7086432cd57d4579bc11430750c0a70
 - sleeping [104 seconds]
0xaeebacdba477640f5d30eaa25d633804e2268dd0584283e5f1d768e337e61b26: 64644.0
 - fuel sent: 0x62895020c2da2145f24f0528f3f929b2865b7aefbe239a86b1580edea7045fed
 - waiting on tx.... [success]
tokens sent to [m/44'/60'/0'/0/208]: 0x006ee312bc5068528b29373874dd1050ab561bfb617fb42801c0cb1a80faf3a8
 - waiting on tx.... [success]
 - fuel returned: 0xe8c1c92f93fe8458056f91f0f5c54b9e533cb227a4a74375b30c8136937dfea0
 - sleeping [51 seconds]
0x0bba54b8a56e254600c0e790f3bf5d3e186f3b0f3166defb628e074af905abfd: 25735.0
 - fuel sent: 0xcc51f13f88dde420298f060de282ac7204de41d5b5eea1fc3046877258f268e2
 - waiting on tx..... [success]
tokens sent to [m/44'/60'/0'/0/209]: 0xfd366187184e009439c3addfc3271ce1123071d891cc40de79bc59e86be88950
 - waiting on tx......... [success]
 - fuel returned: 0xf530d8dccd279657c93e3a4b7f419664eeabf695d67ccb4926abf561ee224bf3
 - sleeping [18 seconds]
0x33952588e6ee6de45a292d91968df2041bc15283f88304c79a5b5d7b25d9d60f: 74986.0
 - fuel sent: 0xb2bd35e5b329cd421e14db7297e07a3f1edef5d397ff70174e6c6eb5a6f65616
 - waiting on tx........ [success]
tokens sent to [m/44'/60'/0'/0/210]: 0x78578e97e5b8a2143e1fc1ac26e495dbba40719694842d0dd88f7fda13143ef1
 - waiting on tx............ [failed]
0xf7c339b32ccc2fd937dc741e33f41f71aae04128fe95595326b2d340a441303a: 68292.0
Insufficient balance in fuel account!
0xf030ff52002b215347ec58d48c25aaee7b15605a7a89c91d436ded7e89782567: 42792.0
 - fuel sent: 0xb0d37ee3f01033136378488af7e6417594a8f88d06f7e97ba7ff524344c7f616
 - waiting on tx.... [success]
tokens sent to [m/44'/60'/0'/0/212]: 0x12357eaca956234244b40858290c71f1e9787cccd4f0380b425bba9456a1e5ca
 - waiting on tx...... [success]
 - fuel returned: 0xb0f7f788706c32b2b55be36ac31f20832592ff681d3140ca714faee3dc07811f
 - sleeping [83 seconds]
0x4a7ef471d490dad1a1974ed3b24ad0fba65113926eac32a23e54448f99771765: 37921.0
 - fuel sent: 0xd0bf0f12515a2415d42cacedb868c28cbc1bfa41e9ef4d4266cd3464eab3009b
 - waiting on tx... [success]
tokens sent to [m/44'/60'/0'/0/213]: 0xc9e3792eac98e95aee9e8143140454ff21007309e1b85a57482e28e76d56442a
 - waiting on tx.... [success]
 * sendFuel(): nonce too low
Traceback (most recent call last):
  File "/Users/ekkis/dev/eth/eth.py", line 261, in sendFuel
    return srv.eth.send_raw_transaction(tx.rawTransaction).hex()
           ^^^^^^^^^^^^^^^^^^^^^^^^^^^^^^^^^^^^^^^^^^^^^^^
  File "/Users/ekkis/.pyenv/versions/3.11.2/lib/python3.11/site-packages/web3/eth/eth.py", line 372, in send_raw_transaction
    return self._send_raw_transaction(transaction)
           ^^^^^^^^^^^^^^^^^^^^^^^^^^^^^^^^^^^^^^^
  File "/Users/ekkis/.pyenv/versions/3.11.2/lib/python3.11/site-packages/web3/module.py", line 68, in caller
    result = w3.manager.request_blocking(
             ^^^^^^^^^^^^^^^^^^^^^^^^^^^^
  File "/Users/ekkis/.pyenv/versions/3.11.2/lib/python3.11/site-packages/web3/manager.py", line 232, in request_blocking
    return self.formatted_response(
           ^^^^^^^^^^^^^^^^^^^^^^^^
  File "/Users/ekkis/.pyenv/versions/3.11.2/lib/python3.11/site-packages/web3/manager.py", line 205, in formatted_response
    raise ValueError(response["error"])
ValueError: {'code': -32000, 'message': 'nonce too low'}

During handling of the above exception, another exception occurred:

Traceback (most recent call last):
  File "/Users/ekkis/dev/eth/./eth.send.ls", line 57, in <module>
    tx = eth.sendFuel(to=main, acct=acct)
         ^^^^^^^^^^^^^^^^^^^^^^^^^^^^^^^^
  File "/Users/ekkis/dev/eth/eth.py", line 266, in sendFuel
    print(f' * {acct["path"]} {acct["address"]}: {balance(acct)} eth')
                ~~~~^^^^^^^^
KeyError: 'path'
0xcb2aa83af1cee8cc200356c236800c19634c8107c0792c080dbabce352849fda: 53341.99999999999
 - fuel sent: 0x61374da8f65a7a552798845e92624055ac889c6201115be616f73383c83b053f
 - waiting on tx.... [success]
tokens sent to [m/44'/60'/0'/0/180]: 0xacc578346d285a786586a1d3873bfc415510a1172eb020b67084f179205cc38d
 - waiting on tx.... [success]
 - fuel returned: 0x2db2a0f3014adf9562eb6989ff2a33e64d76e9263a68e97403de12a478ef9d87
 - sleeping [14 seconds]
0x1bd104406b3d0c3eb091d3f160534a36eb65a5fbad0285069cb452d56deed329: 0.0
0xfa490cb2bc26a702c7e3a4dc97c1fadb75df961d5c45f81088bac49a43024e1c: 0.0
0x941ea50dbbf458d86a705d839f8c16e1b84b9023d604445c5ab9dcf5314c2679: 0.0
0x70622225c784b64e670e064e4a79515e57e60216fbe82da90313701c1787f2fd: 0.0
 - fuel returned: 0x0d04d15e5f9aaba1b656a8c4ce65da07cdfcc30bd7ba6e1948a139f4fb81f743
0x8d2b89b400f02c08b47d8e518ea42f54dce5456198f00ab9fc05e04625a2a8b9: 0.0
0xcd448c2421764c5c89dabe9fc41d37d2c0c840af88cd207d56e88bc1d874ecd9: 0.0
0xbcdc70a3497e645a72147b1751da81b67eb49900286e02af53827d0c2b5b996d: 0.0
0xf84ea7ab62a8a9449d92d45113c00b9c396da665ef47b03a0daf708a048d2c0a: 0.0
0x6d9ca63b8de53f42babb4bc5eb213123c694cca5a62ccf214d6e7ee125a72e67: 0.0
0x309a2e0c28f943d5fc6a00efb85565196f4023560b55e02bb280a667e1102ae9: 0.0
0xa7d6a755b14899bd5ab146f1d39ce3f69a59a965a058aefbaf2c84d007221dc0: 0.0
0xad845bb753dc10ee87957da69a1063149d209aa8d98963e27df12c2a7cbc15ed: 0.0
0xbf5079371ea55ec63954c5ae21f1f8315b54a421f0436da5347cac4ed9a66b6e: 0.0
0x24011e79d0aae1e465165f823db698c4189ec2e314724490c7bd4e9fec6ff687: 0.0
0xcc9408b507733ddd6f273c8e7ae72396be3f55c1be7a8ca85889f63cb74f547a: 0.0
0x346df6428d8f172e98956f0fb9cf5f624cfa106cd66bce4fcc2cb74f4c4bba5f: 0.0
0x275832395fde332a7276da5156759d5aefb8e857fd3a3efc927936698cdc0d0b: 0.0
0x58c47597ff6f80cc2b201b693b66db53e9081f8d4b267ac2ab7160783b79e58b: 0.0
0x977939f99e3bbbb08f389de0829bcf34474281fd194f2b0124856ccd5301ceae: 0.0
0x8ab3da778c7387e1b0751be515e69a893cf933bc812b8a1d4536ea32e550ad70: 0.0
0x8ea21b87c289d3582a9612e05869989cb0c766778ad20d088be757e0cbf55171: 0.0
 - fuel returned: 0x684f7e0e004367230b41e36f9ed48ecb92d17145a16b1344f448fadf07e17caf
0x9b528ffad79475e6074b668ce4c3db08f226309daff6a756e02f276f1b12f941: 0.0
 - fuel returned: 0x2296034ce262e0ec119103e338465c68a5b5f164244147093be9e27ec515ba6c
0xd8556bc0a6bf3072bda0f6c57b58977a199cab4487f14518df47e99511d469dd: 0.0
0xe0b336c7e345a4dbdabc3af6ecda55b7eb3d2cd00945be94aef293c0581f0b8a: 0.0
0x3640735f46ea46c4f95445288d8331ea58aff859a58ee108cbcb3fb1c8419bcb: 0.0
0x5a2cc4f7a10cea6dcc6181616d7a0066f5aec0cefa456119097fefa120569f22: 0.0
 - fuel returned: 0x1d4b9d5f782f45a4cf0b0917ad705bf067270f7e4b492d0371f76d4c0b83d515
0xb1bd08b66f1c84b2f481e1e5ff6961d9df2ba67edae1ed0f83f9319d71aa7a0d: 0.0
0xaeebacdba477640f5d30eaa25d633804e2268dd0584283e5f1d768e337e61b26: 0.0
0x0bba54b8a56e254600c0e790f3bf5d3e186f3b0f3166defb628e074af905abfd: 0.0
0x33952588e6ee6de45a292d91968df2041bc15283f88304c79a5b5d7b25d9d60f: 74986.0
tokens sent to [m/44'/60'/0'/0/210]: 0xb166575952c6d6c2e3768f973cf1d0c7514506d212aaa568f63a644807bc5bbe
 - waiting on tx.... [success]
 - fuel returned: 0xbd968e290a550ad8f1f187725486ebb257fe156b98e705a91b7edb22d6fbbb01
 - sleeping [64 seconds]
0xf7c339b32ccc2fd937dc741e33f41f71aae04128fe95595326b2d340a441303a: 68292.0
 - fuel sent: 0x6c4c0d4ad8a987d5eea93b46ebada91416b78cfe595bbfe0e5cc591ad647ea14
 - waiting on tx.......... [success]
tokens sent to [m/44'/60'/0'/0/211]: 0x7144fb044ce54b295f7f23a86ff1ffd2525d66973c9d92f88a7142cb776e49b8
 - waiting on tx.... [success]
 - fuel returned: 0x8b267d308b66b49ca6b36efb3babc51c89ee7e8554eb90e87bd1dd80bd74c617
 - sleeping [95 seconds]
0xf030ff52002b215347ec58d48c25aaee7b15605a7a89c91d436ded7e89782567: 0.0
0x4a7ef471d490dad1a1974ed3b24ad0fba65113926eac32a23e54448f99771765: 0.0
 - fuel returned: 0x998b0ddb6be5d616bf834dd4cd0426015b3ccb68632936f684c6aec6260d1abe
0xc600ec13f3b8f0da1adc137d6d6e84e5721a1d2d28c16e4c30c242133019292f: 16192.0
 - fuel sent: 0x7e06f48e6ca0fadee1e7ba2e961ba2cdc42667f06b72ba306a5a2029813c462a
 - waiting on tx... [success]
tokens sent to [m/44'/60'/0'/0/214]: 0xe298cbec70e2d642609681cfe38bc5fce52e768fea9928e857b3706f184c96d0
 - waiting on tx............ [failed]
0x9126eeb9902cf1c6c39ed05d3deeed3a76477efcce2dfc02ea53cf6fee4e47a6: 17475.0
 - fuel sent: 0x9187ec1ce58e536ca161f81ab4202ec2d6029332ff3d1d5016eced4d20cba093
 - waiting on tx.... [success]
tokens sent to [m/44'/60'/0'/0/215]: 0xf26cd0e25af8a80221159790887ed845c7581832be450286006456dc72397629
 - waiting on tx............ [failed]
0x7e3e4dd3728c4c1bd5ee2b9647e5f909d3ae0bb37b22b9e3ce44a3f30667d457: 61469.0
 - fuel sent: 0x66b15cacbfb25d313d8a299e7f66088335a9419c740c8e0ae523281d7383dcdf
 - waiting on tx.... [success]
tokens sent to [m/44'/60'/0'/0/216]: 0xdb73b89890a8dfbe4fd3756912376baed9615a60ff0557449aa8b87488d72a2d
 - waiting on tx... [success]
 - fuel returned: 0x4a5a3123610adfc9da56e9bbad99cc9f16d4aa4d8be3056f7720509e0e70d588
 - sleeping [80 seconds]
0xf4fc36b216a5124c4011590a111e2b912692028d69617672db36d20aa566dd17: 26612.0
 - fuel sent: 0xafbf784b631a76af8ebe6f421ccc92b6c34e9194e1f7e818dccb940d1cfe4576
 - waiting on tx..... [success]
tokens sent to [m/44'/60'/0'/0/217]: 0x1e32fb215318f86d2e208307014a3672243c0b7a7ad02343a7ad60e7179d2a7a
 - waiting on tx... [success]
 - fuel returned: 0x616d3277dea5a3153b81f27a6b9030a1c3a99c0cfb0ea5c46b4fa382cd54b4f9
 - sleeping [33 seconds]
0xfb157ab26e242a7f448fca399995df2329a2bd9d4f7b483cabea6d47faa723c9: 61148.0
 - fuel sent: 0x9c33268ffce1eefeb774fe765d1e7ebf04415957266280d369467cb9097ef2d0
 - waiting on tx............................... [success]
tokens sent to [m/44'/60'/0'/0/218]: 0x4a8d880b19195fc78e5029b242c267a6eeedc71644c78b541b15d687fd58b759
 - waiting on tx.... [success]
 - fuel returned: 0xddaefdd8653f390f3cd0f45417becfe987d42dec2e5aa5a5d090c7b434d708d4
 - sleeping [106 seconds]
0x029522d6bba374611eb4a7ac5ac626c1cb72176f1079273ad97dd69789dd03da: 71378.0
 - fuel sent: 0x4cb37f979d9ed6d51ac03642567876e9a0153d6fcc58048f5ba019891ea3d9c3
 - waiting on tx.... [success]
tokens sent to [m/44'/60'/0'/0/219]: 0xe8add1dfa110d3a78683d9c6ed2a3610a619fca1800a9d25f80586243f0ba028
 - waiting on tx.... [success]
 - fuel returned: 0x859eef44c02c4d143c95af42eba011d58fa06bb9970c82fb6eb9141d43ad4547
 - sleeping [86 seconds]
0x843d0101bb9b442350b82baef8523175c24f47c9301479c0318bf95b4c6483d7: 73916.0
 - fuel sent: 0xf8f848f82eea011167738b6ab51005984f994f03b4d6d9a9dc015da19755d3d4
 - waiting on tx... [success]
tokens sent to [m/44'/60'/0'/0/220]: 0x4e49bd5304174186cffb42387ea32371ab82f2717103a706e2b18f67c69d43a8
 - waiting on tx........ [success]
 - fuel returned: 0x23d44f5deae711037b37d569ab6c80b15189621d90745969844905d12018f712
 - sleeping [24 seconds]
0x00c45795f3b66a2952e62ddecea2a73f112d75ad32cb69560f06d93e660252ba: 11002.0
 - fuel sent: 0x2b95a08805b84aa259e45182852795469366357015a48a488a1f1aaabb38adb7
 - waiting on tx... [success]
tokens sent to [m/44'/60'/0'/0/221]: 0x56209d179ab4a6684eb50bb8ad6a436b337c8ed78cc0c0a3a87f8e07c95c3766
 - waiting on tx...... [success]
 - fuel returned: 0x577ea638b1c8c165f7a19c5816a364774bb1c23aca2ddc881f640cf2dcb24030
 - sleeping [99 seconds]
0xdb1328a605b1955b76d8707acc87cb5525b798f8ccbf5219a9a2869ca0db79c2: 40307.0
 - fuel sent: 0x9c7ac8d3218a7c1875896e2cb69be432cac0a9d5a39d2be279f530a3e21a6ace
 - waiting on tx..... [success]
tokens sent to [m/44'/60'/0'/0/222]: 0xba7c2931e7c7b6354a24ce6d4c56ee5fefbc355431c6b78788be946370280c10
 - waiting on tx... [success]
 - fuel returned: 0x0c0c2e0f5edf64853d440825b9817c34f3533c7327bc0c2a29b8f237791fde58
 - sleeping [25 seconds]
0xd6fb843de0574f52a0af19c9231ccb29a8e1668e936b3660aa87684d5e6565bb: 38886.0
 - fuel sent: 0xfee48a14ec39b1412067948ebcc4b215d1b9bfc49cb2856a3e7057af38102b5f
 - waiting on tx..... [success]
tokens sent to [m/44'/60'/0'/0/223]: 0xcfd93509deabd18ac643375efc4b9d89117be701cca2a1291b75fd754bdc0331
 - waiting on tx.... [success]
 - fuel returned: 0x21fc22ba3eceb6065e73e64cc179ef6be7b8e5e02bebd7e0ec5902381f21e14a
 - sleeping [120 seconds]
0x0e01000d63ae7f42ac1153415d338a8c6d0ec6a67f17128b26b4c5263039cea7: 59859.0
 - fuel sent: 0x4dff45b7336b522380fc14b9760521c453ec7ba82ae8f69484d9d14f22b53a0b
 - waiting on tx........... [success]
tokens sent to [m/44'/60'/0'/0/224]: 0x2e5845e7abb95b68717060ee8f2055eff5a9ebcc678cc214d6f774748499d4d3
 - waiting on tx........... [success]
 - fuel returned: 0x31c652d4c14319edf2997abd23912d524faf70cf4934313448eaf27c59a8451d
 - sleeping [38 seconds]
0x24f729c728f2317ee5699c2b2ebef9b72ed096cc6849e13f4a305db9be3c4aa4: 84484.00000000001
 - fuel sent: 0xb7fbed5a07faf70021a4baf6fe47aa98f67c5a93470d8901c9c79ac46858ed31
 - waiting on tx......... [success]
tokens sent to [m/44'/60'/0'/0/225]: 0x075c51cc969fb1ea580d963d883d7b04a4f749e204d813a19563a3cf29f0081e
 - waiting on tx.... [success]
 - fuel returned: 0xd97cac83c77a21611c304606ac918fbc1ed2a54f3e17dc5202d24450c3dfbebe
 - sleeping [58 seconds]
0x53bd22169298135c32f24f95e5c529de6ceb1cdfbcc797046830c8c0b312278e: 47969.0
 - fuel sent: 0x3625f59706e5d296fa45fafa49420428535ff1835792243c6ad29de1dbfce303
 - waiting on tx... [success]
tokens sent to [m/44'/60'/0'/0/226]: 0xd7bcd5b60c1a266601f4751b79611020e9605b50b1dc6ce2ae0a2e3a017c64b0
 - waiting on tx.... [success]
 - fuel returned: 0x16b1c44fc82d3fd6513a173d05df77d223747ff989f6827e546549dccfa7e70b
 - sleeping [31 seconds]
0xf2b5aa07c7f5485024a52d8ab5f9592305c5ac363986b7f90c32473fdf7d9337: 52373.0
 - fuel sent: 0x64be15fec0063ff85e5d3008c561f9af10b350957e0d16d4f0762e9de1d75b15
 - waiting on tx..... [success]
tokens sent to [m/44'/60'/0'/0/227]: 0xec391b20ba1c71c50d77c07d64518488cc73771c622005b91d34e1ae3691df5b
 - waiting on tx..... [success]
 - fuel returned: 0xd3d325dd690e32c5508170d35904522043ff8aaac67100e7a4f270a63c2ae54c
 - sleeping [107 seconds]
0x023e031957a3c1c4d225defc66bf5c4fab3b5938d86f9d11dd310770efc16e5d: 19386.0
 - fuel sent: 0xccb1656ce5a882f855111532bd48dbd3e45d464994ba2818315669abda6d4c96
 - waiting on tx.... [success]
tokens sent to [m/44'/60'/0'/0/228]: 0xab45a497fd1f64bd12d6325f5a6027d92dcfbda5517c297247e849cb8dc14f16
 - waiting on tx.... [success]
 - fuel returned: 0xbda5fac5d1f08a1f990c9861e082dea5064e5b0de8c54dc470291ef37da95eaf
 - sleeping [11 seconds]
0x470d775d88de422146be6f8ad57ac6c6b005568fb1e05abc7392d1c3b4f460ae: 80031.99999999999
 - fuel sent: 0x4099513b71ab1595907e48d91bdd780f193d0446f9d3eac3fafdad637cf8b24f
 - waiting on tx... [success]
tokens sent to [m/44'/60'/0'/0/229]: 0x6ce23bcba46ebd8419f1270dd5d737c3b6d9deedc8aa751451b9f569820a4111
 - waiting on tx.... [success]
 - fuel returned: 0x9f8c179d1d1591358c6f7d0b201beaf5031244d61fcd6db90daf1edbe610c383
 - sleeping [70 seconds]
0x596dc2e0fd2d5a8d487e8d7c850a0cc39da6cf309a9a0009491f0b7e1e3687f8: 46616.0
 - fuel sent: 0xb4040a77e610c66b3772ba31d3ba1bf5f3d78d4482d423660c1dcd560f1caa11
 - waiting on tx... [success]
tokens sent to [m/44'/60'/0'/0/230]: 0x1bb42e6c3b64a15b7ca17a197d1a45e1d3c1faa2e499d1aaa85af8c3521a0c1c
 - waiting on tx.... [success]
 - fuel returned: 0xa7faf369e1485d9673380854ba386dba5f80c8a4034c4fb2fbd2e0131f64e905
 - sleeping [23 seconds]
0x761a6dfbef385d0e1b22a99975599833db0a3c402dac8ee292d194bf36527241: 15765.0
 - fuel sent: 0xc07295dc05e5c8e9be60f0aca0159e352d039f1fe01cce312665da57b79312f2
 - waiting on tx.... [success]
tokens sent to [m/44'/60'/0'/0/231]: 0xc0aed0b7b93c195bbc34a3e887dbeab654fc60e01aa4d19f2f443df5872f7e29
 - waiting on tx...... [success]
 - fuel returned: 0x786214d68fe523604f8e9c41d2a89f9a5f1e533d0935655b8cd5c1fd5b93013a
 - sleeping [85 seconds]
0x8e42392211d67b814ae9d2fdd8cf90cf59b0b29a7eab80815fb4f000c7e2647a: 62898.0
 - fuel sent: 0x3094cbd20666ebbb5c01cd9e2e2966a62629bf8e03f20bbe199e0aff0aa9f5bd
 - waiting on tx....... [success]
tokens sent to [m/44'/60'/0'/0/232]: 0x531e0aeb26de507a1c4407fc7c67f30369ac508684c1688218dd8ec32a9bb6c7
 - waiting on tx...... [success]
 - fuel returned: 0xcd5c43de10228a8bdbc888033dd07c3505d9b4c09b0569c0a2df01eca8f0e6b0
 - sleeping [34 seconds]
0xcf05d8a8e97810b4267ee5833f85f9339cf67c196b76e2fff76de1d58798d328: 55497.0
 - fuel sent: 0x7619445d5e373428a4453248a0ef7f90ba9ff02d05304298e3acc19bdea02337
 - waiting on tx......... [success]
tokens sent to [m/44'/60'/0'/0/233]: 0x000aecffd5526a4b33eea29e6a5d40f0152e9efb24ce7be130dcce773f1a5725
 - waiting on tx...... [success]
 - fuel returned: 0x0d9abcfdc2258bde686e429b5afb01315787c3ae0cabb90c11e837dae6ee4a90
 - sleeping [97 seconds]
0x4bd069d3e23b99f373a85fbf72230b32b323ab9b51de33d0c3bb3d8c552ebac6: 78848.0
 - fuel sent: 0x02743612a52d2ba2d606a65c99f099ea742bf5d27098039d1123e64d0b660d43
 - waiting on tx... [success]
tokens sent to [m/44'/60'/0'/0/234]: 0x6ef02692d34976e117fdebb2f377eb824d6ec99c312a041dc1a95f0e01cf465a
 - waiting on tx...... [success]
 - fuel returned: 0x20de85313d61f19886e79783d1f4191af155540e785e534f557dbf5bf32a00fc
 - sleeping [63 seconds]
0xf93cb168cd36e564ce8cf36681d7e5d5329dea1a3f773558c3ef7eef279ccfdb: 76579.0
 - fuel sent: 0xa12f9fbc483073cb640522e25e8e2c4fe075a9468148b17b07ded9bb2218f04b
 - waiting on tx... [success]
tokens sent to [m/44'/60'/0'/0/235]: 0xfc8c67cf40a7922dd1d81b46c5cacc16caf0791631c23eb834f178b665735a33
 - waiting on tx...... [success]
 - fuel returned: 0xb4a2e0070086404556b657370203572a0730ee74981dff77e0a87fedbcc9f15d
 - sleeping [59 seconds]
0xdbd60b5d7568adda150f62cc7b67af4c53edbb9f67c2468971eaeea9fd727aea: 32230.0
 - fuel sent: 0x78edcbe9e399cdb4f1c6d8e621a1bcc0081bebc78f4d2aedd2216ab522f1fbcb
 - waiting on tx......... [success]
tokens sent to [m/44'/60'/0'/0/236]: 0xf737c00ac941dc2180dc05c9171e833d6bfbcdcb2e38ce719b9732193a5a77df
 - waiting on tx.... [success]
 - fuel returned: 0xeea0bc7282a901ed2510c26eb67dc082ba6db81b28422a23f97807848b18f928
 - sleeping [27 seconds]
0xcf399faa7cdbcf0bfd19ab46e36563d3c4c8604e98afb314c832121c9fa8375e: 57911.0
 - fuel sent: 0x5d8b56c88b631767bc8c37bc0e75c0dbdc0ab0a0e4d6f0d0288bc9ee371b710e
 - waiting on tx... [success]
tokens sent to [m/44'/60'/0'/0/237]: 0x6417b01546f7f80390b4cdd3f8deaa38144d6aaf540f47db2b3f05a5a630f12e
 - waiting on tx.... [success]
 - fuel returned: 0x3f3f7d562bfa37df84d45c7d062c3da9c9f8e01dbd55ab292a384125a4093c7c
 - sleeping [73 seconds]
0x39b066f14cb9efedfdd66b1c2c4272708c82ffa031986a5b076aa5fdf8d4601c: 6537.0
 - fuel sent: 0x3c80e6ce8d58ec15e8be4342c6ad32aca72529135a28b5eb72627b753c39f1a9
 - waiting on tx.... [success]
tokens sent to [m/44'/60'/0'/0/238]: 0x7aa0a9e96fdebb809a19a9a0b97fb346013cf2f70ca3d7a128a12be9bad7d50c
 - waiting on tx..... [success]
 - fuel returned: 0x0d477de3bd4e119b1d8d327737a7a76b25159e8399797bc083e32c60ec062ce1
 - sleeping [38 seconds]
0x3b90d6d8c7846cbe13de3a442622fb538f2619300c1ce3c1f54d76c0bf16b990: 71215.0
 - fuel sent: 0x077cfbaa69b1d8c3c64983de9d9d4fb811e8385f753ac8569af7d3bb848900fc
 - waiting on tx... [success]
tokens sent to [m/44'/60'/0'/0/239]: 0xd3566b4709db9534a5458c2add9c5acc0f887645a16d4399d372613ec7adc155
 - waiting on tx.... [success]
 - fuel returned: 0xa355cd47b56c773f30a01422f5a4a131ecc1b012621da4c4545510f3d7ac85fb
 - sleeping [97 seconds]
