0x8a9a91dc45c7c6bb3a0601998f56f5932b9f8c679c26878cc9fae9582f00e812: 60962.00000000001
 - fuel sent: 0x12213e8c6656c3e47892c85078767f7d67c5fadd6c6a8ffa438448bba679c461
 - waiting on tx..................................................................................................................................................................................... [success]
tokens sent to [m/44'/60'/0'/0/600]: 0xf87c668821ce0b64b5c1e500f3a0eccf2f70d7dd3b7d903c20a2a794e60404ba
 - waiting on tx..... [success]
 - fuel returned: 0xd925ab0e894df8e80236e9fa50115c978094a3b897f05d1ac112f435291108bf
0x90a5222990c74f0fd5bf5cdcd6cd69c0a3e1e3637f97d35f32ca7d66d433febf: 50703.99999999999
 - fuel sent: 0xf93ade17ae4bf47caa27a24155e170b0b880ecee9cadeed4c6dc468b6e2210fe
 - waiting on tx................................... [success]
tokens sent to [m/44'/60'/0'/0/601]: 0xc94b83c8d62846466df15b446172bb54aba42ca7da1f1db22b53ac95992f1965
 - waiting on tx............ [failed]
0x316657cb3a30b30aedad8192b5080a6bf6b624276b1bae601cab5aebab7022bc: 42319.99999999999
 - fuel sent: 0xa70f9f0a7439adfdf4dd5ecf5e1c9c35ec189fa3602467eb6656d03ba82aad1b
 - waiting on tx.... [success]
tokens sent to [m/44'/60'/0'/0/602]: 0xc5ce57f7a24b97e0bd3cd3a68c48c40a9b76deaf14f842e4c269813d13bb1222
 - waiting on tx.... [success]
 - fuel returned: 0xa13099726f206bde750b918399729326f97330d7d24ad48758dd36d8a68f7a9b
0x961bb803d01cec7ed3055883c8798c67963ef517bd203138d2e3d5e33c8f84cd: 88484.99999999999
 - fuel sent: 0x4390e70f97491b0ea5151a643c084bc0b12af6c665a95485e91173d8c3e781f3
 - waiting on tx.............................. [success]
tokens sent to [m/44'/60'/0'/0/603]: 0xc6feb334efeea34302b447f42fe1ea3d3fa9e4d47194f7c368b11153f793117d
 - waiting on tx.... [success]
 - fuel returned: 0xc68d050d16117f99efd5ea8fd0136fc16b50ceec712b4d51f0c6de3e534615a1
0x6a18a735dde3ab514c123963c8b5f32d2c133720859cf555db8a18f7a528f987: 72663.0
 - fuel sent: 0x468c7e302f5254311c1a241f67a97bb0a8d27f1afc2c58886bf6ea235cf92a77
 - waiting on tx... [success]
tokens sent to [m/44'/60'/0'/0/604]: 0x03876c30ec007e729fc0775e4d00fb48eb950d50f321f45bf5dfd01f3fac42f8
 - waiting on tx.... [success]
 - fuel returned: 0x5165a2d107c403447d177d70b0487b13e56816836a50f9ba177b3d12f620b5df
0x7b98fd70f3f8fb6fbd061ed9345c947847f37576439f9d84a2c618c90c6e14c3: 72735.0
 - fuel sent: 0x0c60bdf5d1f625334f865269ddd050fe92c4bba50e3763a7d34b42d43db530ca
 - waiting on tx..... [success]
tokens sent to [m/44'/60'/0'/0/605]: 0x1f5ffaa9b3f84fee5b418a26ea187a9c6a261344ce3a2e1f1ad9c276731df327
 - waiting on tx............ [failed]
0x7607dc12c6ad8a3a0ccf932be831ae28bb4d402ff5d20c0699fa9fa14d885647: 38571.0
 - fuel sent: 0x3cadcc718ee69beabe3f2254de15eed4da3286cdaceb6905d0a673f6bd52f856
 - waiting on tx... [success]
tokens sent to [m/44'/60'/0'/0/606]: 0xb3b9ddee9fab4ec471f1badad3bd5306c0fc57a9d0f8a0279a4abd5cd2dfd660
 - waiting on tx.... [success]
 - fuel returned: 0xd2fcf19c137db78f5166947d614c13c89d182c1a5ebe93b1106012afcbe84453
0x6b630b31bd2b45987283c2607d0cb6473ca34bbc90072cb19924dce54f54dce5: 41169.0
 - fuel sent: 0xa246986f20214abd7940b2aa3f8ed51482a62032e585840e71ab5fa67c4b3227
 - waiting on tx........ [success]
tokens sent to [m/44'/60'/0'/0/607]: 0x5bb84e38c1f2b81c4b2f2530914e0d0f56cb652eda55ada32c1104d90ac52639
 - waiting on tx......... [success]
 - fuel returned: 0xbe35de3ec1872b6be1967c7c9a9b92285203f08f3635ea4050a9dc9b4b0125eb
0xda59e7e0ac131da1d946921aff3bfa87acaee3b3ebee2410cc913ea40bc6d0ba: 59642.0
 - fuel sent: 0x1b39d358499fd6c20fd3492ae63104ca69c6322b151b53fd6a8f9a794ac00636
 - waiting on tx............ [success]
tokens sent to [m/44'/60'/0'/0/608]: 0xb94d31f33e1da7d3c43855985c55bfe0cc3d1c841f3482df50a295eb9c752946
 - waiting on tx............ [failed]
0x86e006e17b457ac619a2b2c73faa676c23134ed8b74b64e4dc1c16d2ff5221d7: 75527.0
 - fuel sent: 0xc46c7d6d8a46f0d397bf565b614e9ee4fcb689890a872dbd41adcfd00eff687e
 - waiting on tx....... [success]
tokens sent to [m/44'/60'/0'/0/609]: 0xf44cdadb90c8aa7e64d10fc75e2845e8cfa49a1f055005b625d48200b77282c9
 - waiting on tx... [success]
 - fuel returned: 0x93326f1a14fd48a28c9f3639164fa276dc8f67c14c6cae59546c9e30030c78dc
0xf1925a8cb7ed62b5288a5adafd85f1167dfb78fe8753f99352e12f957246201f: 50608.00000000001
 - fuel sent: 0x94ffd752e84f82b3a305a559c9664db2c19144c3097c2001a067377f06a9f870
 - waiting on tx......... [success]
tokens sent to [m/44'/60'/0'/0/610]: 0x0328f16b6e6c319abb3c234aaa5461339daeaf0eda5234331f80924be6ddc867
 - waiting on tx....... [success]
 - fuel returned: 0x43e66ca7dc7688192cf2c5a578e8bf6eb6dea79d07b7f7fb98646ede5f14db61
0xa28e5c11c67f8786c134ce82b968135e3fbe29aec2187f2e329f10697228b62c: 65538.0
 - fuel sent: 0x2b1d4caf30e98eeb3d3a74bdd858f63c027d23b7ec38a71c538223d0e2f50b83
 - waiting on tx.............................................................................. [success]
tokens sent to [m/44'/60'/0'/0/611]: 0x2b953cbf62c81a171ecb214f5e261cf75bf459a51c9fa19fe109b2d5ee43b5fd
 - waiting on tx.......... [success]
 - fuel returned: 0x5fd1c41f6c6d1ac7852cb12d2c9001b627695a73283b1022a515cd241b80b7a3
0x5d8550717d330ef204261470c19bf71d6816b436f2bc0d386be2baa52ed3c74a: 42254.0
 - fuel sent: 0x199cd7177950bfe92f1d52b922a62aef64df5bc6bf71bfc359e6775ec9bdda1b
 - waiting on tx............................ [success]
tokens sent to [m/44'/60'/0'/0/612]: 0x2cacdf534013c3679509b3adeba5ee1faca597881db65f00b7fe3c891910ce2f
 - waiting on tx........ [success]
 - fuel returned: 0x93d1dbf2dbe5066fffdc492860a86fb4fde3a8ee91f84e27e3cba2608b0f9573
0xb0dcd1644d8198a2815b5566fe191dc6c33cf3e68fcfc4ba6f24b9f3cf5132ea: 19959.0
 - fuel sent: 0xe869710be01f3f7ddba11b9f7602de037fc07231dbf319c716ba61dcea5704b1
 - waiting on tx..... [success]
tokens sent to [m/44'/60'/0'/0/613]: 0x7c9bab7338ee0a18914fc2e8fcefa534b20fe639d6f2572a61888dcccb854231
 - waiting on tx............ [failed]
0xf3ce10daad89b5195e96af2ecef623b7d5a5dcd3e5c9a4c9512f23cce3822d8e: 58057.0
 - fuel sent: 0x783c7f0b41a78e053364f24b0f93e35c17294cf6d73242d1ff2174e298e11aab
 - waiting on tx.... [success]
tokens sent to [m/44'/60'/0'/0/614]: 0x4d8e4c9a29fc54b50a16bbd9fcfb2ae9b191dfd0cc051c1e4ec8edb3b85b92f1
 - waiting on tx.... [success]
 - fuel returned: 0xc81b95eb3ce9529799a3ea4dcff427d1a024e403ec74096f83e21e50a8859dfd
0xb6dc6714c034c691c0b896e0bd3d49953525c8345dde3686d7712733a1415a67: 82667.0
 - fuel sent: 0xff63cafe082d75846546782e3b3c4edbf7b2c9948bf4d4156f4d4f772eb6e26c
 - waiting on tx.... [success]
tokens sent to [m/44'/60'/0'/0/615]: 0x5a9d4de06f8ac8a7fbda0133ecf69790e5dc1913ca9f27bcf1484a6f131bc63f
 - waiting on tx............ [failed]
0x1fd931045693ed6959d36a9b2544273544b623dae1bbccd8f00be9793227ac06: 2967.0000000000005
 - fuel sent: 0xd4a1482c2b44e015017e877c897a8029f74e2a7cd1fcdf8c6971408a1edd7c6c
 - waiting on tx... [success]
tokens sent to [m/44'/60'/0'/0/616]: 0x41ebac07f82bb8f1c6ffd1214acedd0d8604fef4c836f22e2a5c5d2c2833a951
 - waiting on tx.... [success]
 - fuel returned: 0x10a6939275aa98904ff3022b3600b6232b676a0ea3500ec410b86709c7835424
0x95021e1a7f2ce13181318097de1f58ae01eedaf82308d6bc7e3d1d7b440416e4: 15676.000000000002
 - fuel sent: 0x46a7bc2019093ea4cf1da024c0c165d321402965df242a7ce54e47ae7f406bbb
 - waiting on tx.... [success]
tokens sent to [m/44'/60'/0'/0/617]: 0x8571ce2fc062e186e6d95c4dcb4e7823a444850dacb30d2e8ba4ad281e77bc79
 - waiting on tx...... [success]
 - fuel returned: 0x3e0fed61c735561f3251c74aae1bb4f7f639c24073a4493e0c62113d475071a9
0x66f1e0810d3c6428f93ccfca718480b25ef8a28f1aa77dbf40c80c39220da3d9: 13657.0
 - fuel sent: 0x06f98a15c7f9f6428ac5575bf1d055c39d95c435cfd268152f0db2742e6234dd
 - waiting on tx... [success]
tokens sent to [m/44'/60'/0'/0/618]: 0x6ad0e0f49f06ccf961d009e87a0e159d3bf0896422e6c4bd726483f4450f9253
 - waiting on tx.... [success]
 - fuel returned: 0x344dab1eeabc966b2b298dff6aef910102c74f39ca643dcd4b8c4bccb44d1b62
0xba8593b7765a5e9f9225a4e03b67a098e291916d9c12337d8767b8475719d514: 87147.0
 - fuel sent: 0xfecc212b0c947d8ee02886b481205b99237277a6e312bbb8054ebbd3268a4c51
 - waiting on tx.... [success]
tokens sent to [m/44'/60'/0'/0/619]: 0xa28a623c40a5935c74c2e92e47ec048f191d10a8291210910c061b53e2f12c6a
 - waiting on tx............ [failed]
